TN:
SF:src/config/mongose.mock.config.ts
FN:6,(anonymous_0)
FN:7,(anonymous_1)
FN:17,(anonymous_2)
FNF:3
FNH:3
FNDA:1,(anonymous_0)
FNDA:1,(anonymous_1)
FNDA:1,(anonymous_2)
DA:1,1
DA:2,1
DA:6,1
DA:8,1
DA:9,1
DA:10,1
DA:17,1
DA:18,1
LF:8
LH:8
BRDA:6,0,0,1
BRDA:18,1,0,1
BRDA:18,1,1,0
BRF:3
BRH:2
end_of_record
TN:
SF:src/dto/task.dto.ts
FNF:0
FNH:0
DA:1,1
DA:3,1
DA:6,1
DA:9,1
DA:12,1
DA:15,1
LF:6
LH:6
BRF:0
BRH:0
end_of_record
TN:
SF:src/models/task.model.ts
FNF:0
FNH:0
DA:1,1
DA:6,1
DA:9,1
DA:12,1
DA:15,1
DA:18,1
LF:6
LH:6
BRF:0
BRH:0
end_of_record
TN:
SF:src/serialization/task.serialization.ts
FN:5,(anonymous_0)
FNF:1
FNH:0
FNDA:0,(anonymous_0)
DA:1,1
DA:5,1
DA:7,0
DA:9,0
DA:10,0
DA:11,0
DA:12,0
DA:14,0
LF:8
LH:2
BRF:0
BRH:0
end_of_record
TN:
SF:src/task/task.controller.ts
FN:10,(anonymous_4)
FN:16,(anonymous_5)
FN:18,(anonymous_6)
FNF:3
FNH:2
FNDA:1,(anonymous_4)
FNDA:1,(anonymous_5)
FNDA:0,(anonymous_6)
DA:1,1
DA:2,1
DA:3,1
DA:4,1
DA:9,1
DA:10,1
DA:16,1
DA:17,1
DA:18,0
LF:9
LH:8
BRF:0
BRH:0
end_of_record
TN:
SF:src/task/task.service.ts
FN:9,(anonymous_4)
FN:11,(anonymous_5)
FNF:2
FNH:2
FNDA:1,(anonymous_4)
FNDA:1,(anonymous_5)
DA:1,1
DA:2,1
DA:3,1
DA:4,1
DA:5,1
DA:8,1
DA:9,1
DA:12,1
DA:15,1
DA:16,1
DA:18,0
LF:11
LH:10
BRDA:15,0,0,1
BRDA:15,0,1,0
BRF:2
BRH:1
end_of_record
